make all --print-data-base --no-builtin-variables --no-builtin-rules --question
Package libavdevice was not found in the pkg-config search path.
Perhaps you should add the directory containing `libavdevice.pc'
to the PKG_CONFIG_PATH environment variable
No package 'libavdevice' found

Package libavformat was not found in the pkg-config search path.
Perhaps you should add the directory containing `libavformat.pc'
to the PKG_CONFIG_PATH environment variable
No package 'libavformat' found
Package libavfilter was not found in the pkg-config search path.
Perhaps you should add the directory containing `libavfilter.pc'
to the PKG_CONFIG_PATH environment variable
No package 'libavfilter' found
Package libavcodec was not found in the pkg-config search path.
Perhaps you should add the directory containing `libavcodec.pc'
to the PKG_CONFIG_PATH environment variable
No package 'libavcodec' found
Package libswresample was not found in the pkg-config search path.
Perhaps you should add the directory containing `libswresample.pc'
to the PKG_CONFIG_PATH environment variable
No package 'libswresample' found
Package libswscale was not found in the pkg-config search path.
Perhaps you should add the directory containing `libswscale.pc'
to the PKG_CONFIG_PATH environment variable
No package 'libswscale' found
Package libavutil was not found in the pkg-config search path.
Perhaps you should add the directory containing `libavutil.pc'
to the PKG_CONFIG_PATH environment variable
No package 'libavutil' found
Package libpostproc was not found in the pkg-config search path.
Perhaps you should add the directory containing `libpostproc.pc'
to the PKG_CONFIG_PATH environment variable
No package 'libpostproc' found

Package libavdevice was not found in the pkg-config search path.
Perhaps you should add the directory containing `libavdevice.pc'
to the PKG_CONFIG_PATH environment variable
No package 'libavdevice' found
Package libavformat was not found in the pkg-config search path.
Perhaps you should add the directory containing `libavformat.pc'
to the PKG_CONFIG_PATH environment variable
No package 'libavformat' found
Package libavfilter was not found in the pkg-config search path.
Perhaps you should add the directory containing `libavfilter.pc'
to the PKG_CONFIG_PATH environment variable
No package 'libavfilter' found

Package libavcodec was not found in the pkg-config search path.
Perhaps you should add the directory containing `libavcodec.pc'
to the PKG_CONFIG_PATH environment variable
No package 'libavcodec' found
Package libswresample was not found in the pkg-config search path.
Perhaps you should add the directory containing `libswresample.pc'
to the PKG_CONFIG_PATH environment variable
No package 'libswresample' found
Package libswscale was not found in the pkg-config search path.
Perhaps you should add the directory containing `libswscale.pc'
to the PKG_CONFIG_PATH environment variable
No package 'libswscale' found
Package libavutil was not found in the pkg-config search path.
Perhaps you should add the directory containing `libavutil.pc'
to the PKG_CONFIG_PATH environment variable
No package 'libavutil' found
Package libpostproc was not found in the pkg-config search path.
Perhaps you should add the directory containing `libpostproc.pc'
to the PKG_CONFIG_PATH environment variable
No package 'libpostproc' found

make: *** No rule to make target 'transcode_amr.o', needed by 'all'.  Stop.

# GNU Make 4.3
# Built for x86_64-pc-linux-gnu
# Copyright (C) 1988-2020 Free Software Foundation, Inc.
# License GPLv3+: GNU GPL version 3 or later <http://gnu.org/licenses/gpl.html>
# This is free software: you are free to change and redistribute it.
# There is NO WARRANTY, to the extent permitted by law.

# Make data base, printed on Fri Aug 19 14:22:55 2022

# Variables

# environment
GO111MODULE = on
# environment
GDK_BACKEND = x11
# environment
LC_ALL = C
# environment
NO_AT_BRIDGE = 1
# environment
BYOBU_HIGHLIGHT = \#DD4814
# environment
VSCODE_CWD = /home/jimery
# environment
TINT2_BUTTON_ALIGNED_Y2 = 30
# environment
LESS_TERMCAP_me = [0m
# default
MAKE_COMMAND := make
# environment
TINT2_BUTTON_ALIGNED_X = 0
# environment
QT_ACCESSIBILITY = 1
# automatic
@D = $(patsubst %/,%,$(dir $@))
# environment
TINT2_BUTTON_W = 30
# environment
BYOBU_EDITOR = sensible-editor
# environment
TINT2_BUTTON_PANEL_X2 = 1920
# environment
VSCODE_HANDLES_UNCAUGHT_ERRORS = true
# default
.VARIABLES := 
# environment
PWD = /home/jimery/testffmpeg/8-arm
# automatic
%D = $(patsubst %/,%,$(dir $%))
# environment
BYOBU_LIGHT = \#EEEEEE
# makefile (from 'Makefile', line 2)
FFMPEG_LIBS = libavdevice libavformat libavfilter libavcodec libswresample libswscale libavutil libpostproc 
# environment
XDG_DATA_DIRS = /usr/local/share:/usr/share:/usr/share/gdm:/var/lib/menu-xdg:/usr/local/share/:/usr/share/:/usr/share/gdm/:/var/lib/menu-xdg/
# environment
OLDPWD = /home/jimery
# automatic
^D = $(patsubst %/,%,$(dir $^))
# automatic
%F = $(notdir $%)
# environment
WINEARCH = win32
# environment
VSCODE_CODE_CACHE_PATH = /home/jimery/.config/Code/CachedData/e4503b30fc78200f846c62cf8091b76ff5547662
# environment
XDG_SESSION_PATH = /org/freedesktop/DisplayManager/Session0
# environment
LANG = C
# environment
XAUTHORITY = /home/jimery/.Xauthority
# default
.LOADED := 
# environment
BYOBU_DISTRO = Debian GNU/Linux
# environment
LESS_TERMCAP_md = [01;36m
# default
.INCLUDE_DIRS = /usr/local/include /usr/include /usr/include
# makefile
MAKEFLAGS = pqrR
 
# environment
LESS_TERMCAP_so = [01;44;33m
# environment
BYOBU_ULIMIT = ulimit
# makefile
CURDIR := /home/jimery/testffmpeg/8-arm
# environment
APPLICATION_INSIGHTS_NO_DIAGNOSTIC_CHANNEL = true
# environment
TINT2_BUTTON_ALIGNED_X1 = 0
# automatic
*D = $(patsubst %/,%,$(dir $*))
# environment
LESS_TERMCAP_ue = [0m
# environment
MFLAGS = -pqrR
# environment
SSH_AUTH_SOCK = /tmp/ssh-lwyuZ22b6gdx/agent.1100
# default
.SHELLFLAGS := -c
# environment
_LXSESSION_PID = 1100
# environment
XDG_CONFIG_DIRS = /etc/xdg
# automatic
+D = $(patsubst %/,%,$(dir $+))
# environment
XDG_SESSION_DESKTOP = lightdm-xsession
# environment
BYOBU_DARK = \#333333
# makefile (from 'Makefile', line 1)
MAKEFILE_LIST := Makefile
# automatic
@F = $(notdir $@)
# environment
VSCODE_PID = 563390
# environment
XDG_SESSION_TYPE = x11
# automatic
?D = $(patsubst %/,%,$(dir $?))
# environment
SAL_USE_VCLPLUGIN = gtk
# environment
TINT2_BUTTON_PANEL_Y2 = 30
# environment
XDG_DATA_HOME = /home/jimery/.local/share
# automatic
*F = $(notdir $*)
# environment
QT_QPA_PLATFORMTHEME = qt5ct
# environment
CHROME_DESKTOP = code-url-handler.desktop
# environment
DBUS_SESSION_BUS_ADDRESS = unix:path=/run/user/1000/bus
# environment
BYOBU_ACCENT = \#75507B
# automatic
<D = $(patsubst %/,%,$(dir $<))
# environment
BYOBU_RUN_DIR = /dev/shm/byobu-jimery-gYkwxeHY
# environment
VSCODE_NLS_CONFIG = {"locale":"en-gb","availableLanguages":{},"_languagePackSupport":true}
# default
MAKE_HOST := x86_64-pc-linux-gnu
# makefile (from 'Makefile', line 20)
OBJS = $(addsuffix .o,$(EXAMPLES))
# makefile
SHELL = /bin/sh
# environment
LESS_TERMCAP_us = [01;33m
# default
MAKECMDGOALS := all
# environment
XMODIFIERS = @im=fcitx
# environment
BYOBU_CONFIG_DIR = /home/jimery/.config/byobu
# environment
SHLVL = 0
# environment
TINT2_BUTTON_ALIGNED_X2 = 30
# environment
MAKELEVEL := 0
# default
MAKE = $(MAKE_COMMAND)
# environment
PATH = /usr/local/bin:/usr/bin:/bin:/usr/local/games:/usr/games:/home/jimery/go/bin:/opt/Bento4/bin:/home/jimery/.local/idea/bin:/home/jimery/.local/bin:/home/jimery/Downloads/aria2/node-v14.17.0-linux-x64/bin:/home/jimery/.config/rofi/bin
# environment
LESS_TERMCAP_se = [0m
# default
MAKEFILES := 
# environment
LANGUAGE = en_HK:en
# environment
BYOBU_DATE = %Y-%m-%d 
# automatic
^F = $(notdir $^)
# environment
TINT2_BUTTON_ALIGNED_Y1 = 30
# makefile (from 'Makefile', line 15)
LDLIBS :=   -lm
# environment
BYOBU_BACKEND = tmux
# environment
LESS_TERMCAP_mb = [01;36m
# environment
XDG_CONFIG_HOME = /home/jimery/.config
# environment
TINT2_BUTTON_Y = 12
# makefile (from 'Makefile', line 18)
EXAMPLES = transcoding transcode_amr
 
# automatic
?F = $(notdir $?)
# environment
XDG_SEAT = seat0
# environment
GTK_IM_MODULE = fcitx
# environment
XDG_CURRENT_DESKTOP = LXDE
# environment
TINT2_CONFIG = /home/jimery/.config/tint2/tint2rc
# automatic
+F = $(notdir $+)
# environment
XDG_SEAT_PATH = /org/freedesktop/DisplayManager/Seat0
# environment
DESKTOP_SESSION = LXDE
# environment
BYOBU_READLINK = readlink
# environment
ORIGINAL_XDG_CURRENT_DESKTOP = LXDE
# 'override' directive
GNUMAKEFLAGS := 
# environment
BROWSER = /usr/bin/less -s
# environment
LOGNAME = jimery
# environment
XDG_VTNR = 7
# environment
BYOBU_WINDOW_NAME = -
# makefile
.DEFAULT_GOAL := all
# environment
BYOBU_SED = sed
# environment
DISPLAY = :0
# environment
USER = jimery
# environment
GTK_MODULES = gail:atk-bridge
# environment
BYOBU_PREFIX = /usr
# default
MAKE_VERSION := 4.3
# environment
BYOBU_PAGER = sensible-pager
# 'override' directive
.SHELLSTATUS := 1
# makefile (from 'Makefile', line 16)
LDFLAGS := -Wl,-rpath=/home/husongtao/.local/lib,--disable-new-dtags
# environment
TINT2_BUTTON_PANEL_X1 = 0
# environment
GLFW_IM_MODULE = ibus
# environment
SSH_AGENT_PID = 1141
# environment
PAGER = /usr/bin/less -s
# environment
_ = /usr/share/code/code
# environment
XDG_RUNTIME_DIR = /run/user/1000
# makefile (from 'Makefile', line 14)
CFLAGS :=  -Wall -g
# environment
GPG_AGENT_INFO = /run/user/1000/gnupg/S.gpg-agent:0:1
# environment
TINT2_BUTTON_H = 30
# environment
BYOBU_TIME = %H:%M:%S
# environment
TINT2_BUTTON_PANEL_Y1 = 30
# environment
XDG_SESSION_CLASS = user
# environment
VSCODE_AMD_ENTRYPOINT = vs/workbench/api/node/extensionHostProcess
# environment
IDEAPATH = /home/jimery/.local/idea
# environment
HOME = /home/jimery
# environment
BYOBU_PYTHON = python3
# environment
QT_IM_MODULE = fcitx
# environment
 
ELECTRON_RUN_AS_NODE = 1
# environment
VSCODE_IPC_HOOK = /run/user/1000/vscode-8e3eeb1a-1.70.2-main.sock
# environment
XDG_SESSION_ID = 2
# environment
GOPROXY = https://goproxy.cn,direct
# default
.RECIPEPREFIX := 
# automatic
<F = $(notdir $<)
# default
SUFFIXES := 
# environment
TINT2_BUTTON_ALIGNED_Y = 30
# environment
XDG_GREETER_DATA_DIR = /var/lib/lightdm/data/jimery
# default
.FEATURES := target-specific order-only second-expansion else-if shortest-stem undefine oneshell nocomment grouped-target extra-prereqs archives jobserver output-sync check-symlink load
# environment
XDG_MENU_PREFIX = lxde-
# environment
TINT2_BUTTON_X = 4
# environment
GDMSESSION = lightdm-xsession
# variable set hash-table stats:
# Load=145/1024=14%, Rehash=0, Collisions=21/191=11%

# Pattern-specific Variable Values

# No pattern-specific variable values.

# Directories

# . (device 66306, inode 9314406): 32 files, no impossibilities.

# 32 files, no impossibilities in 1 directories.

# Implicit Rules

# No implicit rules.

# Files

# Not a target:
transcoding:
#  Implicit rule search has not been done.
#  Modification time never checked.
#  File has not been updated.

# Not a target:
Makefile:
#  Implicit rule search has been done.
#  Last modified 2022-08-19 14:22:51.722124356
#  File has been updated.
#  Successfully updated.

# Not a target:
transcoding.o:
#  Implicit rule search has been done.
#  Last modified 2022-08-18 17:14:22.823751442
#  File has been updated.
#  Successfully updated.

clean:
#  Implicit rule search has not been done.
#  Modification time never checked.
#  File has not been updated.
#  recipe to execute (from 'Makefile', line 27):
	$(RM) $(EXAMPLES) $(OBJS)

# Not a target:
transcode_amr.o:
#  Implicit rule search has been done.
#  File does not exist.
#  File has not been updated.

# Not a target:
transcode_amr:
#  Implicit rule search has not been done.
#  Modification time never checked.
#  File has not been updated.

 
.phony: all clean
#  Implicit rule search has not been done.
#  Modification time never checked.
#  File has not been updated.

# Not a target:
.DEFAULT:
#  Implicit rule search has not been done.
#  Modification time never checked.
#  File has not been updated.

all: transcoding.o transcode_amr.o transcoding transcode_amr
#  Command line target.
#  Implicit rule search has been done.
#  File does not exist.
#  File has not been updated.

# files hash-table stats:
# Load=10/1024=1%, Rehash=0, Collisions=0/28=0%
# VPATH Search Paths

# No 'vpath' search paths.

# No general ('VPATH' variable) search path.

# strcache buffers: 1 (0) / strings = 41 / storage = 462 B / avg = 11 B
# current buf: size = 8162 B / used = 462 B / count = 41 / avg = 11 B

# strcache performance: lookups = 53 / hit rate = 22%
# hash-table stats:
# Load=41/8192=1%, Rehash=0, Collisions=0/53=0%
# Finished Make data base on Fri Aug 19 14:22:55 2022

 
